
*** Running vivado
    with args -log LEGv8ALUwithControl.vds -m64 -product Vivado -mode batch -messageDb vivado.pb -notrace -source LEGv8ALUwithControl.tcl



****** Vivado v2020.1 (64-bit)
  **** SW Build 2902540 on Wed May 27 19:54:49 MDT 2020
  **** IP Build 2902112 on Wed May 27 22:43:36 MDT 2020
    ** Copyright 1986-2020 Xilinx, Inc. All Rights Reserved.

source LEGv8ALUwithControl.tcl -notrace
Command: synth_design -top LEGv8ALUwithControl -part xc7a100tcsg324-1
Starting synth_design
Attempting to get a license for feature 'Synthesis' and/or device 'xc7a100t'
INFO: [Common 17-349] Got license for feature 'Synthesis' and/or device 'xc7a100t'
INFO: [Synth 8-7079] Multithreading enabled for synth_design using a maximum of 2 processes.
INFO: [Synth 8-7078] Launching helper process for spawning children vivado processes
INFO: [Synth 8-7075] Helper process launched with PID 22628
---------------------------------------------------------------------------------
Starting Synthesize : Time (s): cpu = 00:00:05 ; elapsed = 00:00:06 . Memory (MB): peak = 1029.313 ; gain = 0.000
---------------------------------------------------------------------------------
INFO: [Synth 8-6157] synthesizing module 'LEGv8ALUwithControl' [C:/Users/bhoin/lab2_v1/lab2_v1.srcs/sources_1/new/LEGv8ALUwithControl.v:23]
INFO: [Synth 8-6157] synthesizing module 'LEGv8ALU_control' [C:/Users/bhoin/lab2_v1/lab2_v1.srcs/sources_1/new/LEGv8ALU_control.v:23]
INFO: [Synth 8-155] case statement is not full and has no default [C:/Users/bhoin/lab2_v1/lab2_v1.srcs/sources_1/new/LEGv8ALU_control.v:35]
INFO: [Synth 8-6155] done synthesizing module 'LEGv8ALU_control' (1#1) [C:/Users/bhoin/lab2_v1/lab2_v1.srcs/sources_1/new/LEGv8ALU_control.v:23]
INFO: [Synth 8-6157] synthesizing module 'LEGv8ALU' [C:/Users/bhoin/lab2_v1/lab2_v1.srcs/sources_1/new/LEGv8ALU.v:23]
WARNING: [Synth 8-567] referenced signal 'A' should be on the sensitivity list [C:/Users/bhoin/lab2_v1/lab2_v1.srcs/sources_1/new/LEGv8ALU.v:32]
WARNING: [Synth 8-567] referenced signal 'B' should be on the sensitivity list [C:/Users/bhoin/lab2_v1/lab2_v1.srcs/sources_1/new/LEGv8ALU.v:32]
INFO: [Synth 8-6155] done synthesizing module 'LEGv8ALU' (2#1) [C:/Users/bhoin/lab2_v1/lab2_v1.srcs/sources_1/new/LEGv8ALU.v:23]
INFO: [Synth 8-6155] done synthesizing module 'LEGv8ALUwithControl' (3#1) [C:/Users/bhoin/lab2_v1/lab2_v1.srcs/sources_1/new/LEGv8ALUwithControl.v:23]
---------------------------------------------------------------------------------
Finished Synthesize : Time (s): cpu = 00:00:06 ; elapsed = 00:00:07 . Memory (MB): peak = 1029.313 ; gain = 0.000
---------------------------------------------------------------------------------
---------------------------------------------------------------------------------
Finished Constraint Validation : Time (s): cpu = 00:00:07 ; elapsed = 00:00:08 . Memory (MB): peak = 1029.313 ; gain = 0.000
---------------------------------------------------------------------------------
---------------------------------------------------------------------------------
Start Loading Part and Timing Information
---------------------------------------------------------------------------------
Loading part: xc7a100tcsg324-1
INFO: [Device 21-403] Loading part xc7a100tcsg324-1
---------------------------------------------------------------------------------
Finished Loading Part and Timing Information : Time (s): cpu = 00:00:07 ; elapsed = 00:00:08 . Memory (MB): peak = 1029.313 ; gain = 0.000
---------------------------------------------------------------------------------
WARNING: [Synth 8-327] inferring latch for variable 'ALU_operation_reg' [C:/Users/bhoin/lab2_v1/lab2_v1.srcs/sources_1/new/LEGv8ALU_control.v:31]
---------------------------------------------------------------------------------
Finished RTL Optimization Phase 2 : Time (s): cpu = 00:00:07 ; elapsed = 00:00:08 . Memory (MB): peak = 1029.313 ; gain = 0.000
---------------------------------------------------------------------------------
No constraint files found.
---------------------------------------------------------------------------------
Start RTL Component Statistics 
---------------------------------------------------------------------------------
Detailed RTL Component Info : 
+---Adders : 
	   2 Input   65 Bit       Adders := 1     
	   3 Input   64 Bit       Adders := 1     
+---Muxes : 
	   7 Input   64 Bit        Muxes := 2     
	   5 Input   64 Bit        Muxes := 1     
	   7 Input    4 Bit        Muxes := 1     
	   7 Input    3 Bit        Muxes := 1     
	   7 Input    1 Bit        Muxes := 1     
---------------------------------------------------------------------------------
Finished RTL Component Statistics 
---------------------------------------------------------------------------------
---------------------------------------------------------------------------------
Start Part Resource Summary
---------------------------------------------------------------------------------
Part Resources:
DSPs: 240 (col length:80)
BRAMs: 270 (col length: RAMB18 80 RAMB36 40)
---------------------------------------------------------------------------------
Finished Part Resource Summary
---------------------------------------------------------------------------------
No constraint files found.
---------------------------------------------------------------------------------
Start Cross Boundary and Area Optimization
---------------------------------------------------------------------------------
---------------------------------------------------------------------------------
Finished Cross Boundary and Area Optimization : Time (s): cpu = 00:00:13 ; elapsed = 00:00:21 . Memory (MB): peak = 1029.313 ; gain = 0.000
---------------------------------------------------------------------------------
No constraint files found.
---------------------------------------------------------------------------------
Start Timing Optimization
---------------------------------------------------------------------------------
---------------------------------------------------------------------------------
Finished Timing Optimization : Time (s): cpu = 00:00:13 ; elapsed = 00:00:21 . Memory (MB): peak = 1029.313 ; gain = 0.000
---------------------------------------------------------------------------------
---------------------------------------------------------------------------------
Start Technology Mapping
---------------------------------------------------------------------------------
---------------------------------------------------------------------------------
Finished Technology Mapping : Time (s): cpu = 00:00:13 ; elapsed = 00:00:21 . Memory (MB): peak = 1029.313 ; gain = 0.000
---------------------------------------------------------------------------------
---------------------------------------------------------------------------------
Start IO Insertion
---------------------------------------------------------------------------------
---------------------------------------------------------------------------------
Start Flattening Before IO Insertion
---------------------------------------------------------------------------------
---------------------------------------------------------------------------------
Finished Flattening Before IO Insertion
---------------------------------------------------------------------------------
---------------------------------------------------------------------------------
Start Final Netlist Cleanup
---------------------------------------------------------------------------------
---------------------------------------------------------------------------------
Finished Final Netlist Cleanup
---------------------------------------------------------------------------------
---------------------------------------------------------------------------------
Finished IO Insertion : Time (s): cpu = 00:00:17 ; elapsed = 00:00:25 . Memory (MB): peak = 1029.313 ; gain = 0.000
---------------------------------------------------------------------------------
---------------------------------------------------------------------------------
Start Renaming Generated Instances
---------------------------------------------------------------------------------
---------------------------------------------------------------------------------
Finished Renaming Generated Instances : Time (s): cpu = 00:00:17 ; elapsed = 00:00:25 . Memory (MB): peak = 1029.313 ; gain = 0.000
---------------------------------------------------------------------------------
---------------------------------------------------------------------------------
Start Rebuilding User Hierarchy
---------------------------------------------------------------------------------
---------------------------------------------------------------------------------
Finished Rebuilding User Hierarchy : Time (s): cpu = 00:00:17 ; elapsed = 00:00:25 . Memory (MB): peak = 1029.313 ; gain = 0.000
---------------------------------------------------------------------------------
---------------------------------------------------------------------------------
Start Renaming Generated Ports
---------------------------------------------------------------------------------
---------------------------------------------------------------------------------
Finished Renaming Generated Ports : Time (s): cpu = 00:00:17 ; elapsed = 00:00:25 . Memory (MB): peak = 1029.313 ; gain = 0.000
---------------------------------------------------------------------------------
---------------------------------------------------------------------------------
Start Handling Custom Attributes
---------------------------------------------------------------------------------
---------------------------------------------------------------------------------
Finished Handling Custom Attributes : Time (s): cpu = 00:00:17 ; elapsed = 00:00:25 . Memory (MB): peak = 1029.313 ; gain = 0.000
---------------------------------------------------------------------------------
---------------------------------------------------------------------------------
Start Renaming Generated Nets
---------------------------------------------------------------------------------
---------------------------------------------------------------------------------
Finished Renaming Generated Nets : Time (s): cpu = 00:00:17 ; elapsed = 00:00:25 . Memory (MB): peak = 1029.313 ; gain = 0.000
---------------------------------------------------------------------------------
---------------------------------------------------------------------------------
Start Writing Synthesis Report
---------------------------------------------------------------------------------

Report BlackBoxes: 
+-+--------------+----------+
| |BlackBox name |Instances |
+-+--------------+----------+
+-+--------------+----------+

Report Cell Usage: 
+------+-------+------+
|      |Cell   |Count |
+------+-------+------+
|1     |CARRY4 |    32|
|2     |LUT1   |     1|
|3     |LUT2   |    65|
|4     |LUT3   |     4|
|5     |LUT4   |     4|
|6     |LUT5   |    64|
|7     |LUT6   |    65|
|8     |LD     |     4|
|9     |IBUF   |   141|
|10    |OBUF   |    65|
+------+-------+------+

Report Instance Areas: 
+------+-----------+-----------------+------+
|      |Instance   |Module           |Cells |
+------+-----------+-----------------+------+
|1     |top        |                 |   445|
|2     |  ALU_ctrl |LEGv8ALU_control |   142|
|3     |  ALU_unit |LEGv8ALU         |    97|
+------+-----------+-----------------+------+
---------------------------------------------------------------------------------
Finished Writing Synthesis Report : Time (s): cpu = 00:00:17 ; elapsed = 00:00:25 . Memory (MB): peak = 1029.313 ; gain = 0.000
---------------------------------------------------------------------------------
Synthesis finished with 0 errors, 0 critical warnings and 3 warnings.
Synthesis Optimization Runtime : Time (s): cpu = 00:00:17 ; elapsed = 00:00:25 . Memory (MB): peak = 1029.313 ; gain = 0.000
Synthesis Optimization Complete : Time (s): cpu = 00:00:17 ; elapsed = 00:00:25 . Memory (MB): peak = 1029.313 ; gain = 0.000
INFO: [Project 1-571] Translating synthesized netlist
Netlist sorting complete. Time (s): cpu = 00:00:00 ; elapsed = 00:00:00.020 . Memory (MB): peak = 1029.313 ; gain = 0.000
INFO: [Netlist 29-17] Analyzing 36 Unisim elements for replacement
INFO: [Netlist 29-28] Unisim Transformation completed in 0 CPU seconds
INFO: [Project 1-570] Preparing netlist for logic optimization
INFO: [Opt 31-138] Pushed 0 inverter(s) to 0 load pin(s).
Netlist sorting complete. Time (s): cpu = 00:00:00 ; elapsed = 00:00:00 . Memory (MB): peak = 1029.313 ; gain = 0.000
INFO: [Project 1-111] Unisim Transformation Summary:
  A total of 4 instances were transformed.
  LD => LDCE: 4 instances

INFO: [Common 17-83] Releasing license: Synthesis
19 Infos, 3 Warnings, 0 Critical Warnings and 0 Errors encountered.
synth_design completed successfully
synth_design: Time (s): cpu = 00:00:22 ; elapsed = 00:00:31 . Memory (MB): peak = 1029.313 ; gain = 0.000
INFO: [Common 17-1381] The checkpoint 'C:/Users/bhoin/lab2_v1/lab2_v1.runs/synth_1/LEGv8ALUwithControl.dcp' has been generated.
INFO: [runtcl-4] Executing : report_utilization -file LEGv8ALUwithControl_utilization_synth.rpt -pb LEGv8ALUwithControl_utilization_synth.pb
INFO: [Common 17-206] Exiting Vivado at Sat Sep 12 19:31:04 2020...
