#-----------------------------------------------------------
# Vivado v2020.1 (64-bit)
# SW Build 2902540 on Wed May 27 19:54:49 MDT 2020
# IP Build 2902112 on Wed May 27 22:43:36 MDT 2020
# Start of session at: Mon Oct 19 02:55:37 2020
# Process ID: 4132
# Current directory: C:/Users/bhoin/lab5_v1/lab5_v1.sim/sim_1/behav/xsim
# Command line: vivado.exe -gui_launcher_event rodinguilauncherevent17864 C:\Users\bhoin\lab5_v1\lab5_v1.sim\sim_1\behav\xsim\adder_tb_behav.wdb
# Log file: C:/Users/bhoin/lab5_v1/lab5_v1.sim/sim_1/behav/xsim/vivado.log
# Journal file: C:/Users/bhoin/lab5_v1/lab5_v1.sim/sim_1/behav/xsim\vivado.jou
#-----------------------------------------------------------
start_gui
open_wave_database {C:\Users\bhoin\lab5_v1\lab5_v1.sim\sim_1\behav\xsim\adder_tb_behav.wdb}
INFO: [IP_Flow 19-234] Refreshing IP repositories
INFO: [IP_Flow 19-1704] No user IP repositories specified
INFO: [IP_Flow 19-2313] Loaded Vivado IP repository 'C:/Xilinx/Vivado/2020.1/data/ip'.
current_fileset: Time (s): cpu = 00:00:17 ; elapsed = 00:00:10 . Memory (MB): peak = 1027.496 ; gain = 0.000
open_wave_database: Time (s): cpu = 00:00:23 ; elapsed = 00:00:11 . Memory (MB): peak = 1027.496 ; gain = 0.000
close_sim
INFO: [Simtcl 6-16] Simulation closed
exit
INFO: [Common 17-206] Exiting Vivado at Mon Oct 19 02:56:33 2020...
